2020-01-17 13:32:46,911 - Log4JLogChute initialized using file 'velocity.log'
2020-01-17 13:32:46,912 - Initializing Velocity, Calling init()...
2020-01-17 13:32:46,912 - Starting Apache Velocity v1.7 (compiled: 2010-11-19 12:14:37)
2020-01-17 13:32:46,912 - Default Properties File: org/apache/velocity/runtime/defaults/velocity.properties
2020-01-17 13:32:46,912 - Trying to use logger class org.apache.velocity.runtime.log.AvalonLogChute
2020-01-17 13:32:46,912 - Target log system for org.apache.velocity.runtime.log.AvalonLogChute is not available (java.lang.NoClassDefFoundError: org/apache/log/Priority).  Falling back to next log system...
2020-01-17 13:32:46,912 - Trying to use logger class org.apache.velocity.runtime.log.Log4JLogChute
2020-01-17 13:32:46,912 - Using logger class org.apache.velocity.runtime.log.Log4JLogChute
2020-01-17 13:32:46,915 - ResourceLoader instantiated: org.apache.velocity.runtime.resource.loader.ClasspathResourceLoader
2020-01-17 13:32:46,923 - ResourceCache: initialized (class org.apache.velocity.runtime.resource.ResourceCacheImpl) with class java.util.Collections$SynchronizedMap cache map.
2020-01-17 13:32:46,925 - Loaded System Directive: org.apache.velocity.runtime.directive.Stop
2020-01-17 13:32:46,925 - Loaded System Directive: org.apache.velocity.runtime.directive.Define
2020-01-17 13:32:46,926 - Loaded System Directive: org.apache.velocity.runtime.directive.Break
2020-01-17 13:32:46,927 - Loaded System Directive: org.apache.velocity.runtime.directive.Evaluate
2020-01-17 13:32:46,927 - Loaded System Directive: org.apache.velocity.runtime.directive.Literal
2020-01-17 13:32:46,927 - Loaded System Directive: org.apache.velocity.runtime.directive.Macro
2020-01-17 13:32:46,928 - Loaded System Directive: org.apache.velocity.runtime.directive.Parse
2020-01-17 13:32:46,929 - Loaded System Directive: org.apache.velocity.runtime.directive.Include
2020-01-17 13:32:46,929 - Loaded System Directive: org.apache.velocity.runtime.directive.Foreach
2020-01-17 13:32:46,939 - Created '20' parsers.
2020-01-17 13:32:46,941 - Velocimacro : "velocimacro.library" is not set.  Trying default library: VM_global_library.vm
2020-01-17 13:32:46,943 - Could not load resource 'VM_global_library.vm' from ResourceLoader org.apache.velocity.runtime.resource.loader.ClasspathResourceLoader: ClasspathResourceLoader Error: cannot find resource VM_global_library.vm
2020-01-17 13:32:46,943 - Velocimacro : Default library not found.
2020-01-17 13:32:46,943 - Velocimacro : allowInline = true : VMs can be defined inline in templates
2020-01-17 13:32:46,943 - Velocimacro : allowInlineToOverride = false : VMs defined inline may NOT replace previous VM definitions
2020-01-17 13:32:46,943 - Velocimacro : allowInlineLocal = false : VMs defined inline will be global in scope if allowed.
2020-01-17 13:32:46,943 - Velocimacro : autoload off : VM system will not automatically reload global library macros
2020-01-17 13:32:46,959 - ResourceManager : found templates/common/generator/domain.java.vm with loader org.apache.velocity.runtime.resource.loader.ClasspathResourceLoader
2020-01-17 13:32:46,972 - ResourceManager : found templates/common/generator/Dao.java.vm with loader org.apache.velocity.runtime.resource.loader.ClasspathResourceLoader
2020-01-17 13:32:46,980 - ResourceManager : found templates/common/generator/Mapper.xml.vm with loader org.apache.velocity.runtime.resource.loader.ClasspathResourceLoader
2020-01-17 13:32:46,986 - Null reference [template 'templates/common/generator/Mapper.xml.vm', line 19, column 26] : ${sort} cannot be resolved.
2020-01-17 13:32:46,986 - Null reference [template 'templates/common/generator/Mapper.xml.vm', line 19, column 34] : ${order} cannot be resolved.
2020-01-17 13:32:46,986 - Left side ($pk.extra) of '==' operation has null value. If it is a reference, it may not be in the context or its toString() returned null. templates/common/generator/Mapper.xml.vm[line 39, column 91]
2020-01-17 13:32:46,986 - Left side ($pk.extra) of '!=' operation has null value. If it is a reference, it may not be in the context or its toString() returned null. templates/common/generator/Mapper.xml.vm[line 43, column 57]
2020-01-17 13:32:46,987 - Left side ($pk.extra) of '!=' operation has null value. If it is a reference, it may not be in the context or its toString() returned null. templates/common/generator/Mapper.xml.vm[line 52, column 57]
2020-01-17 13:32:46,989 - ResourceManager : found templates/common/generator/Service.java.vm with loader org.apache.velocity.runtime.resource.loader.ClasspathResourceLoader
2020-01-17 13:32:46,990 - ResourceManager : found templates/common/generator/ServiceImpl.java.vm with loader org.apache.velocity.runtime.resource.loader.ClasspathResourceLoader
2020-01-17 13:32:46,993 - ResourceManager : found templates/common/generator/Controller.java.vm with loader org.apache.velocity.runtime.resource.loader.ClasspathResourceLoader
2020-01-17 13:32:46,995 - ResourceManager : found templates/common/generator/list.html.vm with loader org.apache.velocity.runtime.resource.loader.ClasspathResourceLoader
2020-01-17 13:32:46,996 - ResourceManager : found templates/common/generator/add.html.vm with loader org.apache.velocity.runtime.resource.loader.ClasspathResourceLoader
2020-01-17 13:32:46,997 - ResourceManager : found templates/common/generator/edit.html.vm with loader org.apache.velocity.runtime.resource.loader.ClasspathResourceLoader
2020-01-17 13:32:46,999 - ResourceManager : found templates/common/generator/list.js.vm with loader org.apache.velocity.runtime.resource.loader.ClasspathResourceLoader
2020-01-17 13:32:47,000 - ResourceManager : found templates/common/generator/add.js.vm with loader org.apache.velocity.runtime.resource.loader.ClasspathResourceLoader
2020-01-17 13:32:47,000 - ResourceManager : found templates/common/generator/edit.js.vm with loader org.apache.velocity.runtime.resource.loader.ClasspathResourceLoader
