2020-01-18 16:17:39 -请求地址 : http://localhost:8080/login;JSESSIONID=1ad5b0c2-03ea-4aa9-86a7-a98723e67ac7
2020-01-18 16:17:39 -HTTP METHOD : GET
2020-01-18 16:17:39 -IP : 127.0.0.1
2020-01-18 16:17:39 -CLASS_METHOD : com.sharingcard.system.controller.LoginController.login
2020-01-18 16:17:39 -参数 : []
2020-01-18 16:17:39 -耗时 : 110
2020-01-18 16:17:40 -请求地址 : http://localhost:8080/login;JSESSIONID=1ad5b0c2-03ea-4aa9-86a7-a98723e67ac7
2020-01-18 16:17:40 -HTTP METHOD : GET
2020-01-18 16:17:40 -IP : 127.0.0.1
2020-01-18 16:17:40 -CLASS_METHOD : com.sharingcard.system.controller.LoginController.login
2020-01-18 16:17:40 -参数 : []
2020-01-18 16:17:40 -耗时 : 3
2020-01-18 16:17:49 -请求地址 : http://localhost:8080/login
2020-01-18 16:17:49 -HTTP METHOD : POST
2020-01-18 16:17:49 -IP : 127.0.0.1
2020-01-18 16:17:49 -CLASS_METHOD : com.sharingcard.system.controller.LoginController.ajaxLogin
2020-01-18 16:17:49 -参数 : ["zzh","test"]
2020-01-18 16:17:49 -耗时 : 122
2020-01-18 16:17:49 -More than one TaskExecutor bean found within the context, and none is named 'taskExecutor'. Mark one of them as primary or name it 'taskExecutor' (possibly as an alias) in order to use it for async processing: [clientInboundChannelExecutor, clientOutboundChannelExecutor, brokerChannelExecutor, messageBrokerTaskScheduler]
2020-01-18 16:17:49 -请求地址 : http://localhost:8080/index
2020-01-18 16:17:49 -HTTP METHOD : GET
2020-01-18 16:17:49 -IP : 127.0.0.1
2020-01-18 16:17:49 -CLASS_METHOD : com.sharingcard.system.controller.LoginController.index
2020-01-18 16:17:49 -参数 : [{}]
2020-01-18 16:17:49 -耗时 : 60
2020-01-18 16:17:49 -请求地址 : http://localhost:8080/main
2020-01-18 16:17:49 -HTTP METHOD : GET
2020-01-18 16:17:49 -IP : 127.0.0.1
2020-01-18 16:17:49 -CLASS_METHOD : com.sharingcard.system.controller.LoginController.main
2020-01-18 16:17:49 -参数 : []
2020-01-18 16:17:49 -耗时 : 0
2020-01-18 16:17:49 -请求地址 : http://localhost:8080/oa/notify/message
2020-01-18 16:17:49 -HTTP METHOD : GET
2020-01-18 16:17:49 -IP : 127.0.0.1
2020-01-18 16:17:49 -CLASS_METHOD : com.sharingcard.oa.controller.NotifyController.message
2020-01-18 16:17:49 -参数 : []
2020-01-18 16:17:49 -耗时 : 31
2020-01-18 16:17:49 -请求地址 : http://localhost:8080/main
2020-01-18 16:17:49 -HTTP METHOD : GET
2020-01-18 16:17:49 -IP : 127.0.0.1
2020-01-18 16:17:49 -CLASS_METHOD : com.sharingcard.system.controller.LoginController.main
2020-01-18 16:17:49 -参数 : []
2020-01-18 16:17:49 -耗时 : 0
2020-01-18 16:17:54 -请求地址 : http://localhost:8080/sys/user/
2020-01-18 16:17:54 -HTTP METHOD : GET
2020-01-18 16:17:54 -IP : 127.0.0.1
2020-01-18 16:17:54 -CLASS_METHOD : com.sharingcard.system.controller.UserController.user
2020-01-18 16:17:54 -参数 : [{}]
2020-01-18 16:17:54 -耗时 : 1
2020-01-18 16:17:54 -请求地址 : http://localhost:8080/system/sysDept/tree
2020-01-18 16:17:54 -HTTP METHOD : GET
2020-01-18 16:17:54 -IP : 127.0.0.1
2020-01-18 16:17:54 -CLASS_METHOD : com.sharingcard.system.controller.DeptController.tree
2020-01-18 16:17:54 -参数 : []
2020-01-18 16:17:54 -耗时 : 19
2020-01-18 16:17:54 -请求地址 : http://localhost:8080/sys/user/list
2020-01-18 16:17:54 -HTTP METHOD : GET
2020-01-18 16:17:54 -IP : 127.0.0.1
2020-01-18 16:17:54 -CLASS_METHOD : com.sharingcard.system.controller.UserController.list
2020-01-18 16:17:54 -参数 : [{"limit":"10","offset":"0","name":"","deptId":""}]
2020-01-18 16:17:54 -耗时 : 44
2020-01-18 16:18:03 -请求地址 : http://localhost:8080/xinzhizhu/category
2020-01-18 16:18:03 -HTTP METHOD : GET
2020-01-18 16:18:03 -IP : 127.0.0.1
2020-01-18 16:18:03 -CLASS_METHOD : com.neteye.xinzhizhu.controller.CategoryController.Category
2020-01-18 16:18:03 -参数 : []
2020-01-18 16:18:03 -耗时 : 0
2020-01-18 16:18:03 -请求地址 : http://localhost:8080/xinzhizhu/category/list
2020-01-18 16:18:03 -HTTP METHOD : GET
2020-01-18 16:18:03 -IP : 127.0.0.1
2020-01-18 16:18:03 -CLASS_METHOD : com.neteye.xinzhizhu.controller.CategoryController.list
2020-01-18 16:18:03 -参数 : [{"limit":"10","offset":"0"}]
2020-01-18 16:18:03 -耗时 : 17
2020-01-18 16:19:03 -请求地址 : http://localhost:8080/xinzhizhu/vods
2020-01-18 16:19:03 -HTTP METHOD : GET
2020-01-18 16:19:03 -IP : 127.0.0.1
2020-01-18 16:19:03 -CLASS_METHOD : com.neteye.xinzhizhu.controller.VodsController.Vods
2020-01-18 16:19:03 -参数 : []
2020-01-18 16:19:03 -耗时 : 0
2020-01-18 16:19:04 -请求地址 : http://localhost:8080/xinzhizhu/vods/list
2020-01-18 16:19:04 -HTTP METHOD : GET
2020-01-18 16:19:04 -IP : 127.0.0.1
2020-01-18 16:19:04 -CLASS_METHOD : com.neteye.xinzhizhu.controller.VodsController.list
2020-01-18 16:19:04 -参数 : [{"limit":"10","offset":"0","vodTitle":""}]
2020-01-18 16:19:04 -耗时 : 42
2020-01-18 16:19:20 -请求地址 : http://localhost:8080/xinzhizhu/vods/add
2020-01-18 16:19:20 -HTTP METHOD : GET
2020-01-18 16:19:20 -IP : 127.0.0.1
2020-01-18 16:19:20 -CLASS_METHOD : com.neteye.xinzhizhu.controller.VodsController.add
2020-01-18 16:19:20 -参数 : [{}]
2020-01-18 16:19:20 -耗时 : 10
2020-01-18 16:19:41 -请求地址 : http://localhost:8080/xinzhizhu/course
2020-01-18 16:19:41 -HTTP METHOD : GET
2020-01-18 16:19:41 -IP : 127.0.0.1
2020-01-18 16:19:41 -CLASS_METHOD : com.neteye.xinzhizhu.controller.CourseController.Course
2020-01-18 16:19:41 -参数 : []
2020-01-18 16:19:41 -耗时 : 1
2020-01-18 16:19:41 -请求地址 : http://localhost:8080/xinzhizhu/course/list
2020-01-18 16:19:41 -HTTP METHOD : GET
2020-01-18 16:19:41 -IP : 127.0.0.1
2020-01-18 16:19:41 -CLASS_METHOD : com.neteye.xinzhizhu.controller.CourseController.list
2020-01-18 16:19:41 -参数 : [{"limit":"10","offset":"0","courseName":""}]
2020-01-18 16:19:41 -耗时 : 16
2020-01-18 16:19:44 -请求地址 : http://localhost:8080/xinzhizhu/course/add
2020-01-18 16:19:44 -HTTP METHOD : GET
2020-01-18 16:19:44 -IP : 127.0.0.1
2020-01-18 16:19:44 -CLASS_METHOD : com.neteye.xinzhizhu.controller.CourseController.add
2020-01-18 16:19:44 -参数 : [{}]
2020-01-18 16:19:44 -耗时 : 6
2020-01-18 16:21:16 -请求地址 : http://localhost:8080/xinzhizhu/vods/add
2020-01-18 16:21:16 -HTTP METHOD : GET
2020-01-18 16:21:16 -IP : 127.0.0.1
2020-01-18 16:21:16 -CLASS_METHOD : com.neteye.xinzhizhu.controller.VodsController.add
2020-01-18 16:21:16 -参数 : [{}]
2020-01-18 16:21:16 -耗时 : 4
2020-01-18 16:21:23 -请求地址 : http://localhost:8080/xinzhizhu/fms
2020-01-18 16:21:23 -HTTP METHOD : GET
2020-01-18 16:21:23 -IP : 127.0.0.1
2020-01-18 16:21:23 -CLASS_METHOD : com.neteye.xinzhizhu.controller.FmsController.Fms
2020-01-18 16:21:23 -参数 : []
2020-01-18 16:21:23 -耗时 : 1
2020-01-18 16:21:24 -请求地址 : http://localhost:8080/xinzhizhu/fms/list
2020-01-18 16:21:24 -HTTP METHOD : GET
2020-01-18 16:21:24 -IP : 127.0.0.1
2020-01-18 16:21:24 -CLASS_METHOD : com.neteye.xinzhizhu.controller.FmsController.list
2020-01-18 16:21:24 -参数 : [{"limit":"10","offset":"0","fmTitle":""}]
2020-01-18 16:21:24 -耗时 : 17
2020-01-18 16:21:24 -请求地址 : http://localhost:8080/xinzhizhu/fms/add
2020-01-18 16:21:24 -HTTP METHOD : GET
2020-01-18 16:21:24 -IP : 127.0.0.1
2020-01-18 16:21:24 -CLASS_METHOD : com.neteye.xinzhizhu.controller.FmsController.add
2020-01-18 16:21:24 -参数 : [{}]
2020-01-18 16:21:24 -耗时 : 3
2020-01-18 16:30:13 -WebSocketSession[1 current WS(1)-HttpStream(0)-HttpPoll(0), 1 total, 0 closed abnormally (0 connect failure, 0 send limit, 0 transport error)], stompSubProtocol[processed CONNECT(1)-CONNECTED(1)-DISCONNECT(0)], stompBrokerRelay[null], inboundChannel[pool size = 0, active threads = 0, queued tasks = 0, completed tasks = 9], outboundChannelpool size = 0, active threads = 0, queued tasks = 0, completed tasks = 1], sockJsScheduler[pool size = 12, active threads = 1, queued tasks = 2, completed tasks = 179]
2020-01-18 16:39:45 -请求地址 : http://localhost:8080/xinzhizhu/csOrder
2020-01-18 16:39:45 -HTTP METHOD : GET
2020-01-18 16:39:45 -IP : 127.0.0.1
2020-01-18 16:39:45 -CLASS_METHOD : com.neteye.xinzhizhu.controller.CsOrderController.CsOrder
2020-01-18 16:39:45 -参数 : []
2020-01-18 16:39:45 -耗时 : 0
2020-01-18 16:39:45 -请求地址 : http://localhost:8080/xinzhizhu/csOrder/list
2020-01-18 16:39:45 -HTTP METHOD : GET
2020-01-18 16:39:45 -IP : 127.0.0.1
2020-01-18 16:39:45 -CLASS_METHOD : com.neteye.xinzhizhu.controller.CsOrderController.list
2020-01-18 16:39:45 -参数 : [{"limit":"10","offset":"0","nickname":"","payStatus":""}]
2020-01-18 16:39:45 -耗时 : 36
2020-01-18 16:59:22 -Validating all active sessions...
2020-01-18 16:59:22 -Finished session validation.  No sessions were stopped.
2020-01-18 17:00:13 -WebSocketSession[1 current WS(1)-HttpStream(0)-HttpPoll(0), 1 total, 0 closed abnormally (0 connect failure, 0 send limit, 0 transport error)], stompSubProtocol[processed CONNECT(1)-CONNECTED(1)-DISCONNECT(0)], stompBrokerRelay[null], inboundChannel[pool size = 0, active threads = 0, queued tasks = 0, completed tasks = 9], outboundChannelpool size = 0, active threads = 0, queued tasks = 0, completed tasks = 1], sockJsScheduler[pool size = 12, active threads = 1, queued tasks = 2, completed tasks = 612]
2020-01-18 17:30:13 -WebSocketSession[1 current WS(1)-HttpStream(0)-HttpPoll(0), 1 total, 0 closed abnormally (0 connect failure, 0 send limit, 0 transport error)], stompSubProtocol[processed CONNECT(1)-CONNECTED(1)-DISCONNECT(0)], stompBrokerRelay[null], inboundChannel[pool size = 0, active threads = 0, queued tasks = 0, completed tasks = 9], outboundChannelpool size = 0, active threads = 0, queued tasks = 0, completed tasks = 1], sockJsScheduler[pool size = 12, active threads = 1, queued tasks = 2, completed tasks = 1045]
2020-01-18 17:59:21 -Validating all active sessions...
2020-01-18 17:59:21 -Finished session validation.  No sessions were stopped.
2020-01-18 18:00:13 -WebSocketSession[1 current WS(1)-HttpStream(0)-HttpPoll(0), 1 total, 0 closed abnormally (0 connect failure, 0 send limit, 0 transport error)], stompSubProtocol[processed CONNECT(1)-CONNECTED(1)-DISCONNECT(0)], stompBrokerRelay[null], inboundChannel[pool size = 0, active threads = 0, queued tasks = 0, completed tasks = 9], outboundChannelpool size = 0, active threads = 0, queued tasks = 0, completed tasks = 1], sockJsScheduler[pool size = 12, active threads = 1, queued tasks = 2, completed tasks = 1478]
2020-01-18 18:30:13 -WebSocketSession[1 current WS(1)-HttpStream(0)-HttpPoll(0), 1 total, 0 closed abnormally (0 connect failure, 0 send limit, 0 transport error)], stompSubProtocol[processed CONNECT(1)-CONNECTED(1)-DISCONNECT(0)], stompBrokerRelay[null], inboundChannel[pool size = 0, active threads = 0, queued tasks = 0, completed tasks = 9], outboundChannelpool size = 0, active threads = 0, queued tasks = 0, completed tasks = 1], sockJsScheduler[pool size = 12, active threads = 1, queued tasks = 2, completed tasks = 1911]
2020-01-18 18:59:21 -Validating all active sessions...
2020-01-18 18:59:21 -Finished session validation.  No sessions were stopped.
2020-01-18 19:00:13 -WebSocketSession[1 current WS(1)-HttpStream(0)-HttpPoll(0), 1 total, 0 closed abnormally (0 connect failure, 0 send limit, 0 transport error)], stompSubProtocol[processed CONNECT(1)-CONNECTED(1)-DISCONNECT(0)], stompBrokerRelay[null], inboundChannel[pool size = 0, active threads = 0, queued tasks = 0, completed tasks = 9], outboundChannelpool size = 0, active threads = 0, queued tasks = 0, completed tasks = 1], sockJsScheduler[pool size = 12, active threads = 1, queued tasks = 2, completed tasks = 2344]
2020-01-18 19:30:13 -WebSocketSession[1 current WS(1)-HttpStream(0)-HttpPoll(0), 1 total, 0 closed abnormally (0 connect failure, 0 send limit, 0 transport error)], stompSubProtocol[processed CONNECT(1)-CONNECTED(1)-DISCONNECT(0)], stompBrokerRelay[null], inboundChannel[pool size = 0, active threads = 0, queued tasks = 0, completed tasks = 9], outboundChannelpool size = 0, active threads = 0, queued tasks = 0, completed tasks = 1], sockJsScheduler[pool size = 12, active threads = 1, queued tasks = 2, completed tasks = 2777]
2020-01-18 19:59:21 -Validating all active sessions...
2020-01-18 19:59:21 -Finished session validation.  No sessions were stopped.
2020-01-18 20:00:13 -WebSocketSession[1 current WS(1)-HttpStream(0)-HttpPoll(0), 1 total, 0 closed abnormally (0 connect failure, 0 send limit, 0 transport error)], stompSubProtocol[processed CONNECT(1)-CONNECTED(1)-DISCONNECT(0)], stompBrokerRelay[null], inboundChannel[pool size = 0, active threads = 0, queued tasks = 0, completed tasks = 9], outboundChannelpool size = 0, active threads = 0, queued tasks = 0, completed tasks = 1], sockJsScheduler[pool size = 12, active threads = 1, queued tasks = 2, completed tasks = 3210]
2020-01-18 20:30:13 -WebSocketSession[1 current WS(1)-HttpStream(0)-HttpPoll(0), 1 total, 0 closed abnormally (0 connect failure, 0 send limit, 0 transport error)], stompSubProtocol[processed CONNECT(1)-CONNECTED(1)-DISCONNECT(0)], stompBrokerRelay[null], inboundChannel[pool size = 0, active threads = 0, queued tasks = 0, completed tasks = 9], outboundChannelpool size = 0, active threads = 0, queued tasks = 0, completed tasks = 1], sockJsScheduler[pool size = 12, active threads = 1, queued tasks = 2, completed tasks = 3643]
2020-01-18 20:59:21 -Validating all active sessions...
2020-01-18 20:59:21 -Finished session validation.  No sessions were stopped.
2020-01-18 21:00:13 -WebSocketSession[1 current WS(1)-HttpStream(0)-HttpPoll(0), 1 total, 0 closed abnormally (0 connect failure, 0 send limit, 0 transport error)], stompSubProtocol[processed CONNECT(1)-CONNECTED(1)-DISCONNECT(0)], stompBrokerRelay[null], inboundChannel[pool size = 0, active threads = 0, queued tasks = 0, completed tasks = 9], outboundChannelpool size = 0, active threads = 0, queued tasks = 0, completed tasks = 1], sockJsScheduler[pool size = 12, active threads = 1, queued tasks = 2, completed tasks = 4076]
